SF:lib\features\comics_app\data\models\comics_model.dart
DA:4,1
DA:12,1
DA:22,2
DA:23,1
DA:24,1
DA:25,1
DA:26,1
DA:27,1
DA:28,1
DA:29,2
DA:33,0
DA:34,0
DA:35,0
DA:36,0
DA:37,0
DA:38,0
DA:39,0
DA:40,0
LF:18
LH:10
end_of_record
SF:lib\features\comics_app\domain\entities\comics.dart
DA:12,1
DA:22,0
DA:31,0
DA:32,0
DA:33,0
DA:34,0
DA:35,0
DA:36,0
DA:37,0
DA:38,0
DA:51,1
DA:59,0
DA:66,0
DA:67,0
DA:68,0
DA:69,0
DA:70,0
DA:71,0
DA:74,2
DA:75,1
DA:76,1
DA:77,1
DA:78,1
DA:79,5
DA:82,0
DA:83,0
DA:84,0
DA:85,0
DA:86,0
DA:87,0
DA:122,1
DA:154,0
DA:185,0
DA:186,0
DA:187,0
DA:188,0
DA:189,0
DA:190,0
DA:191,0
DA:192,0
DA:193,0
DA:194,0
DA:195,0
DA:196,0
DA:197,0
DA:198,0
DA:199,0
DA:200,0
DA:201,0
DA:202,0
DA:203,0
DA:204,0
DA:205,0
DA:206,0
DA:207,0
DA:208,0
DA:209,0
DA:210,0
DA:211,0
DA:212,0
DA:213,0
DA:214,0
DA:217,2
DA:218,1
DA:219,1
DA:220,1
DA:221,1
DA:222,1
DA:223,1
DA:224,1
DA:225,1
DA:226,1
DA:227,1
DA:228,1
DA:229,1
DA:230,1
DA:231,1
DA:232,4
DA:233,1
DA:234,5
DA:235,2
DA:236,3
DA:237,4
DA:238,3
DA:239,5
DA:240,5
DA:241,2
DA:242,5
DA:243,2
DA:244,2
DA:245,2
DA:246,2
DA:249,0
DA:250,0
DA:251,0
DA:252,0
DA:253,0
DA:254,0
DA:255,0
DA:256,0
DA:257,0
DA:258,0
DA:259,0
DA:260,0
DA:261,0
DA:262,0
DA:263,0
DA:264,0
DA:265,0
DA:266,0
DA:267,0
DA:268,0
DA:269,0
DA:270,0
DA:271,0
DA:272,0
DA:273,0
DA:274,0
DA:275,0
DA:276,0
DA:277,0
DA:278,0
DA:288,1
DA:295,0
DA:301,0
DA:302,0
DA:303,0
DA:304,0
DA:305,0
DA:308,2
DA:309,1
DA:310,1
DA:311,5
DA:312,1
DA:315,0
DA:316,0
DA:317,0
DA:318,0
DA:319,0
DA:329,1
DA:336,0
DA:342,0
DA:343,0
DA:344,0
DA:345,0
DA:346,0
DA:349,2
DA:350,1
DA:351,1
DA:352,1
DA:353,1
DA:356,0
DA:357,0
DA:358,0
DA:359,0
DA:360,0
DA:368,1
DA:373,0
DA:377,0
DA:378,0
DA:379,0
DA:382,2
DA:383,1
DA:384,1
DA:387,0
DA:388,0
DA:389,0
DA:397,1
DA:402,0
DA:406,0
DA:407,0
DA:408,0
DA:411,2
DA:412,1
DA:413,1
DA:416,0
DA:417,0
DA:418,0
DA:426,1
DA:431,0
DA:435,0
DA:436,0
DA:437,0
DA:440,2
DA:441,1
DA:442,2
DA:445,0
DA:446,0
DA:447,0
DA:455,1
DA:460,0
DA:464,0
DA:465,0
DA:466,0
DA:469,2
DA:470,1
DA:471,1
DA:474,0
DA:475,0
DA:476,0
DA:484,1
DA:489,0
DA:493,0
DA:494,0
DA:495,0
DA:498,2
DA:499,1
DA:500,1
DA:503,0
DA:504,0
DA:505,0
LF:211
LH:71
end_of_record
SF:lib\core\error\failures.dart
DA:4,0
LF:1
LH:0
end_of_record
SF:lib\features\comics_app\domain\usecases\get_comics.dart
DA:14,0
DA:16,0
DA:18,0
DA:25,0
DA:27,0
DA:29,0
LF:6
LH:0
end_of_record
